<?xml version="1.0" encoding="UTF-8"?>
<!-- Generated by org.testng.reporters.JUnitReportReporter -->
<testsuite hostname="Jareds-MacBook-Air.local" failures="0" tests="1" name="jaredsalinasAppium.AppiumQA.AppiumBasics" time="16.863" errors="0" timestamp="2024-02-12T21:21:50 CST" skipped="0">
  <testcase classname="jaredsalinasAppium.AppiumQA.AppiumBasics" name="AppiumTest" time="16.863"/>
  <system-out/>
</testsuite> <!-- jaredsalinasAppium.AppiumQA.AppiumBasics -->
